2021-11-17T15:57:41+00:00 CRITICAL Uncaught Error: Undefined constant "WP_ENVIRONMENT_TYPE" in D:\Xampp\htdocs\woocommerce\wp-content\plugins\woocommerce\packages\woocommerce-admin\src\Schedulers\MailchimpScheduler.php:90
Stack trace:
#0 D:\Xampp\htdocs\woocommerce\wp-content\plugins\woocommerce\packages\woocommerce-admin\src\Schedulers\MailchimpScheduler.php(90): constant('WP_ENVIRONMENT_...')
#1 D:\Xampp\htdocs\woocommerce\wp-content\plugins\woocommerce\packages\woocommerce-admin\src\Schedulers\MailchimpScheduler.php(58): Automattic\WooCommerce\Admin\Schedulers\MailchimpScheduler->make_request('admin@gmail.com')
#2 D:\Xampp\htdocs\woocommerce\wp-content\plugins\woocommerce\packages\woocommerce-admin\src\Events.php(109): Automattic\WooCommerce\Admin\Schedulers\MailchimpScheduler->run()
#3 D:\Xampp\htdocs\woocommerce\wp-includes\class-wp-hook.php(292): Automattic\WooCommerce\Admin\Events->do_wc_admin_daily()
#4 D:\Xampp\htdocs\woocommerce\wp-includes\class-wp-hook.php(316): WP_Hook->apply_filters('', Array)
#5 D:\Xampp\htdocs\woocommerce\wp-includes\plugin.php(551): WP_Hook->do_action(Array)
#6 D:\Xampp\htdocs\woocommerce\wp-cron.php(138): do_action_ref_array('wc_admin_daily', Array)
#7 {main}
  thrown in D:\Xampp\htdocs\woocommerce\wp-content\plugins\woocommerce\packages\woocommerce-admin\src\Schedulers\MailchimpScheduler.php on line 90

2021-11-17T16:01:35+00:00 CRITICAL Uncaught Error: Undefined constant "WP_ENVIRONMENT_TYPE" in D:\Xampp\htdocs\woocommerce\wp-content\plugins\woocommerce\packages\woocommerce-admin\src\Schedulers\MailchimpScheduler.php:90
Stack trace:
#0 D:\Xampp\htdocs\woocommerce\wp-content\plugins\woocommerce\packages\woocommerce-admin\src\Schedulers\MailchimpScheduler.php(90): constant('WP_ENVIRONMENT_...')
#1 D:\Xampp\htdocs\woocommerce\wp-content\plugins\woocommerce\packages\woocommerce-admin\src\Schedulers\MailchimpScheduler.php(58): Automattic\WooCommerce\Admin\Schedulers\MailchimpScheduler->make_request('admin@gmail.com')
#2 D:\Xampp\htdocs\woocommerce\wp-content\plugins\woocommerce\packages\woocommerce-admin\src\Events.php(109): Automattic\WooCommerce\Admin\Schedulers\MailchimpScheduler->run()
#3 D:\Xampp\htdocs\woocommerce\wp-includes\class-wp-hook.php(292): Automattic\WooCommerce\Admin\Events->do_wc_admin_daily()
#4 D:\Xampp\htdocs\woocommerce\wp-includes\class-wp-hook.php(316): WP_Hook->apply_filters('', Array)
#5 D:\Xampp\htdocs\woocommerce\wp-includes\plugin.php(551): WP_Hook->do_action(Array)
#6 D:\Xampp\htdocs\woocommerce\wp-cron.php(138): do_action_ref_array('wc_admin_daily', Array)
#7 {main}
  thrown in D:\Xampp\htdocs\woocommerce\wp-content\plugins\woocommerce\packages\woocommerce-admin\src\Schedulers\MailchimpScheduler.php on line 90

